This file contains any messages produced by compilers while
running configure, to aid debugging if configure makes a mistake.

It was created by prueba configure 0.2, which was
generated by GNU Autoconf 2.69.  Invocation command line was

  $ ./configure 

## --------- ##
## Platform. ##
## --------- ##

hostname = Condor
uname -m = x86_64
uname -r = 3.16.0-31-generic
uname -s = Linux
uname -v = #41-Ubuntu SMP Tue Feb 10 15:24:04 UTC 2015

/usr/bin/uname -p = unknown
/bin/uname -X     = unknown

/bin/arch              = unknown
/usr/bin/arch -k       = unknown
/usr/convex/getsysinfo = unknown
/usr/bin/hostinfo      = unknown
/bin/machine           = unknown
/usr/bin/oslevel       = unknown
/bin/universe          = unknown

PATH: /usr/local/sbin
PATH: /usr/local/bin
PATH: /usr/sbin
PATH: /usr/bin
PATH: /sbin
PATH: /bin
PATH: /usr/games
PATH: /usr/local/games


## ----------- ##
## Core tests. ##
## ----------- ##

configure:2075: checking for a BSD-compatible install
configure:2143: result: /usr/bin/install -c
configure:2154: checking whether build environment is sane
configure:2209: result: yes
configure:2360: checking for a thread-safe mkdir -p
configure:2399: result: /bin/mkdir -p
configure:2406: checking for gawk
configure:2436: result: no
configure:2406: checking for mawk
configure:2422: found /usr/bin/mawk
configure:2433: result: mawk
configure:2444: checking whether make sets $(MAKE)
configure:2466: result: yes
configure:2495: checking whether make supports nested variables
configure:2512: result: yes
configure:2660: checking for style of include used by make
configure:2688: result: GNU
configure:2759: checking for gcc
configure:2775: found /usr/bin/gcc
configure:2786: result: gcc
configure:3015: checking for C compiler version
configure:3024: gcc --version >&5
gcc (Ubuntu 4.9.1-16ubuntu6) 4.9.1
Copyright (C) 2014 Free Software Foundation, Inc.
This is free software; see the source for copying conditions.  There is NO
warranty; not even for MERCHANTABILITY or FITNESS FOR A PARTICULAR PURPOSE.

configure:3035: $? = 0
configure:3024: gcc -v >&5
Using built-in specs.
COLLECT_GCC=gcc
COLLECT_LTO_WRAPPER=/usr/lib/gcc/x86_64-linux-gnu/4.9/lto-wrapper
Target: x86_64-linux-gnu
Configured with: ../src/configure -v --with-pkgversion='Ubuntu 4.9.1-16ubuntu6' --with-bugurl=file:///usr/share/doc/gcc-4.9/README.Bugs --enable-languages=c,c++,java,go,d,fortran,objc,obj-c++ --prefix=/usr --program-suffix=-4.9 --enable-shared --enable-linker-build-id --libexecdir=/usr/lib --without-included-gettext --enable-threads=posix --with-gxx-include-dir=/usr/include/c++/4.9 --libdir=/usr/lib --enable-nls --with-sysroot=/ --enable-clocale=gnu --enable-libstdcxx-debug --enable-libstdcxx-time=yes --enable-gnu-unique-object --disable-vtable-verify --enable-plugin --with-system-zlib --disable-browser-plugin --enable-java-awt=gtk --enable-gtk-cairo --with-java-home=/usr/lib/jvm/java-1.5.0-gcj-4.9-amd64/jre --enable-java-home --with-jvm-root-dir=/usr/lib/jvm/java-1.5.0-gcj-4.9-amd64 --with-jvm-jar-dir=/usr/lib/jvm-exports/java-1.5.0-gcj-4.9-amd64 --with-arch-directory=amd64 --with-ecj-jar=/usr/share/java/eclipse-ecj.jar --enable-objc-gc --enable-multiarch --disable-werror --with-arch-32=i686 --with-abi=m64 --with-multilib-list=m32,m64,mx32 --enable-multilib --with-tune=generic --enable-checking=release --build=x86_64-linux-gnu --host=x86_64-linux-gnu --target=x86_64-linux-gnu
Thread model: posix
gcc version 4.9.1 (Ubuntu 4.9.1-16ubuntu6) 
configure:3035: $? = 0
configure:3024: gcc -V >&5
gcc: error: unrecognized command line option '-V'
gcc: fatal error: no input files
compilation terminated.
configure:3035: $? = 4
configure:3024: gcc -qversion >&5
gcc: error: unrecognized command line option '-qversion'
gcc: fatal error: no input files
compilation terminated.
configure:3035: $? = 4
configure:3055: checking whether the C compiler works
configure:3077: gcc    conftest.c  >&5
configure:3081: $? = 0
configure:3129: result: yes
configure:3132: checking for C compiler default output file name
configure:3134: result: a.out
configure:3140: checking for suffix of executables
configure:3147: gcc -o conftest    conftest.c  >&5
configure:3151: $? = 0
configure:3173: result: 
configure:3195: checking whether we are cross compiling
configure:3203: gcc -o conftest    conftest.c  >&5
configure:3207: $? = 0
configure:3214: ./conftest
configure:3218: $? = 0
configure:3233: result: no
configure:3238: checking for suffix of object files
configure:3260: gcc -c   conftest.c >&5
configure:3264: $? = 0
configure:3285: result: o
configure:3289: checking whether we are using the GNU C compiler
configure:3308: gcc -c   conftest.c >&5
configure:3308: $? = 0
configure:3317: result: yes
configure:3326: checking whether gcc accepts -g
configure:3346: gcc -c -g  conftest.c >&5
configure:3346: $? = 0
configure:3387: result: yes
configure:3404: checking for gcc option to accept ISO C89
configure:3467: gcc  -c -g -O2  conftest.c >&5
configure:3467: $? = 0
configure:3480: result: none needed
configure:3505: checking whether gcc understands -c and -o together
configure:3527: gcc -c conftest.c -o conftest2.o
configure:3530: $? = 0
configure:3527: gcc -c conftest.c -o conftest2.o
configure:3530: $? = 0
configure:3542: result: yes
configure:3561: checking dependency style of gcc
configure:3672: result: gcc3
configure:3693: checking how to run the C preprocessor
configure:3724: gcc -E  conftest.c
configure:3724: $? = 0
configure:3738: gcc -E  conftest.c
conftest.c:11:28: fatal error: ac_nonexistent.h: No such file or directory
 #include <ac_nonexistent.h>
                            ^
compilation terminated.
configure:3738: $? = 1
configure: failed program was:
| /* confdefs.h */
| #define PACKAGE_NAME "prueba"
| #define PACKAGE_TARNAME "prueba"
| #define PACKAGE_VERSION "0.2"
| #define PACKAGE_STRING "prueba 0.2"
| #define PACKAGE_BUGREPORT "jose@jimenezluna.com"
| #define PACKAGE_URL ""
| #define PACKAGE "prueba"
| #define VERSION "0.2"
| /* end confdefs.h.  */
| #include <ac_nonexistent.h>
configure:3763: result: gcc -E
configure:3783: gcc -E  conftest.c
configure:3783: $? = 0
configure:3797: gcc -E  conftest.c
conftest.c:11:28: fatal error: ac_nonexistent.h: No such file or directory
 #include <ac_nonexistent.h>
                            ^
compilation terminated.
configure:3797: $? = 1
configure: failed program was:
| /* confdefs.h */
| #define PACKAGE_NAME "prueba"
| #define PACKAGE_TARNAME "prueba"
| #define PACKAGE_VERSION "0.2"
| #define PACKAGE_STRING "prueba 0.2"
| #define PACKAGE_BUGREPORT "jose@jimenezluna.com"
| #define PACKAGE_URL ""
| #define PACKAGE "prueba"
| #define VERSION "0.2"
| /* end confdefs.h.  */
| #include <ac_nonexistent.h>
configure:3826: checking for grep that handles long lines and -e
configure:3884: result: /bin/grep
configure:3889: checking for egrep
configure:3951: result: /bin/grep -E
configure:3956: checking for ANSI C header files
configure:3976: gcc -c -g -O2  conftest.c >&5
configure:3976: $? = 0
configure:4049: gcc -o conftest -g -O2   conftest.c  >&5
configure:4049: $? = 0
configure:4049: ./conftest
configure:4049: $? = 0
configure:4060: result: yes
configure:4073: checking for sys/types.h
configure:4073: gcc -c -g -O2  conftest.c >&5
configure:4073: $? = 0
configure:4073: result: yes
configure:4073: checking for sys/stat.h
configure:4073: gcc -c -g -O2  conftest.c >&5
configure:4073: $? = 0
configure:4073: result: yes
configure:4073: checking for stdlib.h
configure:4073: gcc -c -g -O2  conftest.c >&5
configure:4073: $? = 0
configure:4073: result: yes
configure:4073: checking for string.h
configure:4073: gcc -c -g -O2  conftest.c >&5
configure:4073: $? = 0
configure:4073: result: yes
configure:4073: checking for memory.h
configure:4073: gcc -c -g -O2  conftest.c >&5
configure:4073: $? = 0
configure:4073: result: yes
configure:4073: checking for strings.h
configure:4073: gcc -c -g -O2  conftest.c >&5
configure:4073: $? = 0
configure:4073: result: yes
configure:4073: checking for inttypes.h
configure:4073: gcc -c -g -O2  conftest.c >&5
configure:4073: $? = 0
configure:4073: result: yes
configure:4073: checking for stdint.h
configure:4073: gcc -c -g -O2  conftest.c >&5
configure:4073: $? = 0
configure:4073: result: yes
configure:4073: checking for unistd.h
configure:4073: gcc -c -g -O2  conftest.c >&5
configure:4073: $? = 0
configure:4073: result: yes
configure:4087: checking for string.h
configure:4087: result: yes
configure:4249: checking that generated files are newer than configure
configure:4255: result: done
configure:4278: creating ./config.status

## ---------------------- ##
## Running config.status. ##
## ---------------------- ##

This file was extended by prueba config.status 0.2, which was
generated by GNU Autoconf 2.69.  Invocation command line was

  CONFIG_FILES    = 
  CONFIG_HEADERS  = 
  CONFIG_LINKS    = 
  CONFIG_COMMANDS = 
  $ ./config.status 

on Condor

config.status:777: creating Makefile
config.status:777: creating src/Makefile
config.status:949: executing depfiles commands

## ---------------- ##
## Cache variables. ##
## ---------------- ##

ac_cv_c_compiler_gnu=yes
ac_cv_env_CC_set=
ac_cv_env_CC_value=
ac_cv_env_CFLAGS_set=
ac_cv_env_CFLAGS_value=
ac_cv_env_CPPFLAGS_set=
ac_cv_env_CPPFLAGS_value=
ac_cv_env_CPP_set=
ac_cv_env_CPP_value=
ac_cv_env_LDFLAGS_set=
ac_cv_env_LDFLAGS_value=
ac_cv_env_LIBS_set=
ac_cv_env_LIBS_value=
ac_cv_env_build_alias_set=
ac_cv_env_build_alias_value=
ac_cv_env_host_alias_set=
ac_cv_env_host_alias_value=
ac_cv_env_target_alias_set=
ac_cv_env_target_alias_value=
ac_cv_header_inttypes_h=yes
ac_cv_header_memory_h=yes
ac_cv_header_stdc=yes
ac_cv_header_stdint_h=yes
ac_cv_header_stdlib_h=yes
ac_cv_header_string_h=yes
ac_cv_header_strings_h=yes
ac_cv_header_sys_stat_h=yes
ac_cv_header_sys_types_h=yes
ac_cv_header_unistd_h=yes
ac_cv_objext=o
ac_cv_path_EGREP='/bin/grep -E'
ac_cv_path_GREP=/bin/grep
ac_cv_path_install='/usr/bin/install -c'
ac_cv_path_mkdir=/bin/mkdir
ac_cv_prog_AWK=mawk
ac_cv_prog_CPP='gcc -E'
ac_cv_prog_ac_ct_CC=gcc
ac_cv_prog_cc_c89=
ac_cv_prog_cc_g=yes
ac_cv_prog_make_make_set=yes
am_cv_CC_dependencies_compiler_type=gcc3
am_cv_make_support_nested_variables=yes
am_cv_prog_cc_c_o=yes

## ----------------- ##
## Output variables. ##
## ----------------- ##

ACLOCAL='${SHELL} /home/hawk31/CursoCJimenezLuna-master/Programacion-C-Clase1/ejercicios/9/missing aclocal-1.14'
AMDEPBACKSLASH='\'
AMDEP_FALSE='#'
AMDEP_TRUE=''
AMTAR='$${TAR-tar}'
AM_BACKSLASH='\'
AM_DEFAULT_V='$(AM_DEFAULT_VERBOSITY)'
AM_DEFAULT_VERBOSITY='1'
AM_V='$(V)'
AUTOCONF='${SHELL} /home/hawk31/CursoCJimenezLuna-master/Programacion-C-Clase1/ejercicios/9/missing autoconf'
AUTOHEADER='${SHELL} /home/hawk31/CursoCJimenezLuna-master/Programacion-C-Clase1/ejercicios/9/missing autoheader'
AUTOMAKE='${SHELL} /home/hawk31/CursoCJimenezLuna-master/Programacion-C-Clase1/ejercicios/9/missing automake-1.14'
AWK='mawk'
CC='gcc'
CCDEPMODE='depmode=gcc3'
CFLAGS='-g -O2'
CPP='gcc -E'
CPPFLAGS=''
CYGPATH_W='echo'
DEFS='-DPACKAGE_NAME=\"prueba\" -DPACKAGE_TARNAME=\"prueba\" -DPACKAGE_VERSION=\"0.2\" -DPACKAGE_STRING=\"prueba\ 0.2\" -DPACKAGE_BUGREPORT=\"jose@jimenezluna.com\" -DPACKAGE_URL=\"\" -DPACKAGE=\"prueba\" -DVERSION=\"0.2\" -DSTDC_HEADERS=1 -DHAVE_SYS_TYPES_H=1 -DHAVE_SYS_STAT_H=1 -DHAVE_STDLIB_H=1 -DHAVE_STRING_H=1 -DHAVE_MEMORY_H=1 -DHAVE_STRINGS_H=1 -DHAVE_INTTYPES_H=1 -DHAVE_STDINT_H=1 -DHAVE_UNISTD_H=1 -DHAVE_STRING_H=1'
DEPDIR='.deps'
ECHO_C=''
ECHO_N='-n'
ECHO_T=''
EGREP='/bin/grep -E'
EXEEXT=''
GREP='/bin/grep'
INSTALL_DATA='${INSTALL} -m 644'
INSTALL_PROGRAM='${INSTALL}'
INSTALL_SCRIPT='${INSTALL}'
INSTALL_STRIP_PROGRAM='$(install_sh) -c -s'
LDFLAGS=''
LIBOBJS=''
LIBS=''
LTLIBOBJS=''
MAKEINFO='${SHELL} /home/hawk31/CursoCJimenezLuna-master/Programacion-C-Clase1/ejercicios/9/missing makeinfo'
MKDIR_P='/bin/mkdir -p'
OBJEXT='o'
PACKAGE='prueba'
PACKAGE_BUGREPORT='jose@jimenezluna.com'
PACKAGE_NAME='prueba'
PACKAGE_STRING='prueba 0.2'
PACKAGE_TARNAME='prueba'
PACKAGE_URL=''
PACKAGE_VERSION='0.2'
PATH_SEPARATOR=':'
SET_MAKE=''
SHELL='/bin/bash'
STRIP=''
VERSION='0.2'
ac_ct_CC='gcc'
am__EXEEXT_FALSE=''
am__EXEEXT_TRUE='#'
am__fastdepCC_FALSE='#'
am__fastdepCC_TRUE=''
am__include='include'
am__isrc=''
am__leading_dot='.'
am__nodep='_no'
am__quote=''
am__tar='$${TAR-tar} chof - "$$tardir"'
am__untar='$${TAR-tar} xf -'
bindir='${exec_prefix}/bin'
build_alias=''
datadir='${datarootdir}'
datarootdir='${prefix}/share'
docdir='${datarootdir}/doc/${PACKAGE_TARNAME}'
dvidir='${docdir}'
exec_prefix='${prefix}'
host_alias=''
htmldir='${docdir}'
includedir='${prefix}/include'
infodir='${datarootdir}/info'
install_sh='${SHELL} /home/hawk31/CursoCJimenezLuna-master/Programacion-C-Clase1/ejercicios/9/install-sh'
libdir='${exec_prefix}/lib'
libexecdir='${exec_prefix}/libexec'
localedir='${datarootdir}/locale'
localstatedir='${prefix}/var'
mandir='${datarootdir}/man'
mkdir_p='$(MKDIR_P)'
oldincludedir='/usr/include'
pdfdir='${docdir}'
prefix='/usr/local'
program_transform_name='s,x,x,'
psdir='${docdir}'
sbindir='${exec_prefix}/sbin'
sharedstatedir='${prefix}/com'
sysconfdir='${prefix}/etc'
target_alias=''

## ----------- ##
## confdefs.h. ##
## ----------- ##

/* confdefs.h */
#define PACKAGE_NAME "prueba"
#define PACKAGE_TARNAME "prueba"
#define PACKAGE_VERSION "0.2"
#define PACKAGE_STRING "prueba 0.2"
#define PACKAGE_BUGREPORT "jose@jimenezluna.com"
#define PACKAGE_URL ""
#define PACKAGE "prueba"
#define VERSION "0.2"
#define STDC_HEADERS 1
#define HAVE_SYS_TYPES_H 1
#define HAVE_SYS_STAT_H 1
#define HAVE_STDLIB_H 1
#define HAVE_STRING_H 1
#define HAVE_MEMORY_H 1
#define HAVE_STRINGS_H 1
#define HAVE_INTTYPES_H 1
#define HAVE_STDINT_H 1
#define HAVE_UNISTD_H 1
#define HAVE_STRING_H 1

configure: exit 0
